C51 COMPILER V9.60.7.0   KEY                                                               03/21/2026 13:06:52 PAGE 1   


C51 COMPILER V9.60.7.0, COMPILATION OF MODULE KEY
OBJECT MODULE PLACED IN .\Objects\key.obj
COMPILER INVOKED BY: C:\AAA\C51\BIN\C51.EXE ..\src\driver\key.c OPTIMIZE(8,SPEED) BROWSE INCDIR(..\src\driver) DEBUG OBJ
                    -ECTEXTEND PRINT(.\Listings\key.lst) TABS(2) OBJECT(.\Objects\key.obj)

line level    source

   1          #include "key.h"
   2          
   3          /** 
   4           * @brief  键盘扫描函数
   5           * @note   使用独立按键时注释掉后三行按键代码
   6           * @return 按键键码值(4-19) 无按键按下时返回0
   7           */
   8          unsigned char key_read(void) {
   9   1        unsigned char temp = 0;
  10   1      
  11   1        if(P30 == 0) return 0;
  12   1        P44 = 0; P42 = 1; P35 = 1; //P34 = 1; // 选中第一列 
  13   1        if(P30 == 0) temp = 7;
  14   1        if(P31 == 0) temp = 6;
  15   1        if(P32 == 0) temp = 5;
  16   1        if(P33 == 0) temp = 4;
  17   1        P44 = 1; P42 = 1; P35 = 1; //P34 = 1;
  18   1        
  19   1        if(P30 == 0) return 0;
  20   1        P44 = 1; P42 = 0; P35 = 1; //P34 = 1; // 选中第二列   
  21   1        if(P30 == 0) temp = 11;
  22   1        if(P31 == 0) temp = 10;
  23   1        if(P32 == 0) temp = 9;
  24   1        if(P33 == 0) temp = 8;
  25   1        P44 = 1; P42 = 1; P35 = 1; //P34 = 1;
  26   1        
  27   1        if(P30 == 0) return 0;
  28   1        P44 = 1; P42 = 1; P35 = 0; //P34 = 1; // 选中第三列   
  29   1        if(P30 == 0) temp = 15;
  30   1        if(P31 == 0) temp = 14;
  31   1        if(P32 == 0) temp = 13;
  32   1        if(P33 == 0) temp = 12;
  33   1        P44 = 1; P42 = 1; P35 = 1; //P34 = 1;
  34   1        
  35   1      //  if(P30 == 0) return 0;
  36   1      //  P44 = 1; P42 = 1; P35 = 1; P34 = 0; // 选中第四列   
  37   1      //  if(P30 == 0) temp = 19;
  38   1      //  if(P31 == 0) temp = 18;
  39   1      //  if(P32 == 0) temp = 17;
  40   1      //  if(P33 == 0) temp = 16;
  41   1      //  P44 = 1; P42 = 1; P35 = 1; P34 = 1;
  42   1        
  43   1        P3 |= 0xef; // 恢复 P3 口高电平状态，准备下一次扫描
  44   1        
  45   1        return temp;
  46   1      }


MODULE INFORMATION:   STATIC OVERLAYABLE
   CODE SIZE        =    118    ----
   CONSTANT SIZE    =   ----    ----
   XDATA SIZE       =   ----    ----
   PDATA SIZE       =   ----    ----
   DATA SIZE        =   ----    ----
C51 COMPILER V9.60.7.0   KEY                                                               03/21/2026 13:06:52 PAGE 2   

   IDATA SIZE       =   ----    ----
   BIT SIZE         =   ----    ----
END OF MODULE INFORMATION.


C51 COMPILATION COMPLETE.  0 WARNING(S),  0 ERROR(S)
