C51 COMPILER V9.60.7.0   IIC                                                               03/18/2026 21:01:43 PAGE 1   


C51 COMPILER V9.60.7.0, COMPILATION OF MODULE IIC
OBJECT MODULE PLACED IN .\Objects\iic.obj
COMPILER INVOKED BY: C:\AAA\C51\BIN\C51.EXE ..\src\driver\iic.c OPTIMIZE(8,SPEED) BROWSE INCDIR(..\src\driver) DEBUG OBJ
                    -ECTEXTEND PRINT(.\Listings\iic.lst) TABS(2) OBJECT(.\Objects\iic.obj)

line level    source

   1          /*  #   I2C代码片段说明
   2            1.  本文件夹中提供的驱动代码供参赛选手完成程序设计参考。
   3            2.  参赛选手可以自行编写相关代码或以该代码为基础，根据所选单片机类型、运行速度和试题
   4              中对单片机时钟频率的要求，进行代码调试和修改。
   5          */
   6          
   7          #include "iic.h"
   8          
   9          sbit scl = P2^0; // iic串行时钟线
  10          sbit sda = P2^1; // iic串行数据线
  11          
  12          #define DELAY_TIME 5 //*** 注：将原代码中的"10"替换为"5" 
  13          
  14          //*** 注：将原代码中的"_nop()"删至1个
  15          //
  16          static void I2C_Delay(unsigned char n)
  17          {
  18   1          do
  19   1          {
  20   2            _nop_();  
  21   2          }
  22   1          while(n--);       
  23   1      }
  24          
  25          //
  26          void I2CStart(void)
  27          {
  28   1          sda = 1;
  29   1          scl = 1;
  30   1        I2C_Delay(DELAY_TIME);
  31   1          sda = 0;
  32   1        I2C_Delay(DELAY_TIME);
  33   1          scl = 0;    
  34   1      }
  35          
  36          //
  37          void I2CStop(void)
  38          {
  39   1          sda = 0;
  40   1          scl = 1;
  41   1        I2C_Delay(DELAY_TIME);
  42   1          sda = 1;
  43   1        I2C_Delay(DELAY_TIME);
  44   1      }
  45          
  46          //
  47          void I2CSendByte(unsigned char byt)
  48          {
  49   1          unsigned char i;
  50   1        
  51   1          for(i=0; i<8; i++){
  52   2              scl = 0;
  53   2          I2C_Delay(DELAY_TIME);
  54   2              if(byt & 0x80){
C51 COMPILER V9.60.7.0   IIC                                                               03/18/2026 21:01:43 PAGE 2   

  55   3                  sda = 1;
  56   3              }
  57   2              else{
  58   3                  sda = 0;
  59   3              }
  60   2          I2C_Delay(DELAY_TIME);
  61   2              scl = 1;
  62   2              byt <<= 1;
  63   2          I2C_Delay(DELAY_TIME);
  64   2          }
  65   1        
  66   1          scl = 0;  
  67   1      }
  68          
  69          //
  70          unsigned char I2CReceiveByte(void)
  71          {
  72   1        unsigned char da;
  73   1        unsigned char i;
  74   1        for(i=0;i<8;i++){   
  75   2          scl = 1;
  76   2          I2C_Delay(DELAY_TIME);
  77   2          da <<= 1;
  78   2          if(sda) 
  79   2            da |= 0x01;
  80   2          scl = 0;
  81   2          I2C_Delay(DELAY_TIME);
  82   2        }
  83   1        return da;    
  84   1      }
  85          
  86          //
  87          unsigned char I2CWaitAck(void)
  88          {
  89   1        unsigned char ackbit;
  90   1        
  91   1          scl = 1;
  92   1        I2C_Delay(DELAY_TIME);
  93   1          ackbit = sda; 
  94   1          scl = 0;
  95   1        I2C_Delay(DELAY_TIME);
  96   1        
  97   1        return ackbit;
  98   1      }
  99          
 100          //
 101          void I2CSendAck(unsigned char ackbit)
 102          {
 103   1          scl = 0;
 104   1          sda = ackbit; 
 105   1        I2C_Delay(DELAY_TIME);
 106   1          scl = 1;
 107   1        I2C_Delay(DELAY_TIME);
 108   1          scl = 0; 
 109   1        sda = 1;
 110   1        I2C_Delay(DELAY_TIME);
 111   1      }
 112          
 113          /**
 114           * @brief  PCF8591指定通道的AD转换结果读取函数
 115           * @param  addr 控制字节(0x01-光敏电阻, 0x03-电位器Rb2)
 116           * @return 8位转换结果(0~255)
C51 COMPILER V9.60.7.0   IIC                                                               03/18/2026 21:01:43 PAGE 3   

 117           */
 118          unsigned char ad_read(unsigned char addr)
 119          {
 120   1        unsigned char temp;
 121   1        
 122   1        // --- 写入控制字节 ---
 123   1        I2CStart();
 124   1        I2CSendByte(0x90); // 发送器件写地址
 125   1        I2CWaitAck();
 126   1        I2CSendByte(addr); // 发送控制字节，选择具体的模拟输入通道
 127   1        I2CWaitAck();
 128   1        
 129   1        // --- 读取转换数据 ---
 130   1        I2CStart();
 131   1        I2CSendByte(0x91); // 发送器件读地址
 132   1        I2CWaitAck();
 133   1        temp = I2CReceiveByte(); // 读取1字节数据(当前通道的AD值)
 134   1        I2CSendAck(1); // 发送非应答信号(NACK)，告诉从机读取结束
 135   1        I2CStop();
 136   1        
 137   1        return temp;
 138   1      }
 139          
 140          /**
 141           * @brief  PCF8591 DA转换输出函数
 142           * @param  dat 待输出的模拟量数值(0~255，对应 0~5V)
 143           */
 144          void da_write(unsigned char dat)
 145          {
 146   1        I2CStart();
 147   1        I2CSendByte(0x90); // 发送器件写地址(0x90)
 148   1        I2CWaitAck();
 149   1        I2CSendByte(0x40); // 发送控制字节(0x40表示使能DAC输出)
 150   1        I2CWaitAck();
 151   1        I2CSendByte(dat); // 发送8位数字量，转换为模拟电压输出
 152   1        I2CWaitAck();
 153   1      }
 154          
 155          /**
 156           * @brief EEPROM连续读取函数
 157           * @param str 存储读取结果的缓冲区指针
 158           * @param addr 读取的起始起始地址(0x00-0xFF)
 159           * @param num 待读取的字节数量
 160           */
 161          void eeprom_read(unsigned char *str, unsigned char addr, unsigned char num)
 162          {
 163   1        I2CStart();
 164   1        I2CSendByte(0xa0); // 器件写地址
 165   1        I2CWaitAck();
 166   1        I2CSendByte(addr); // 发送目标存储单元起始地址
 167   1        I2CWaitAck();
 168   1        
 169   1        I2CStart();
 170   1        I2CSendByte(0xa1); // 器件读地址
 171   1        I2CWaitAck();
 172   1        while(num--)
 173   1        {
 174   2          *str++ = I2CReceiveByte(); // 读取当前字节并移动指针
 175   2          if(num)
 176   2            I2CSendAck(0); // 如果还有下一字节，发送ACK(0)继续读取
 177   2          else
 178   2            I2CSendAck(1); // 最后一个字节，发送NACK(1)结束总线占用
C51 COMPILER V9.60.7.0   IIC                                                               03/18/2026 21:01:43 PAGE 4   

 179   2        }
 180   1        I2CStop();
 181   1      }
 182          
 183          /**
 184           * @brief EEPROM连续写入函数
 185           * @param str 待写入数据源的指针
 186           * @param addr 写入的起始地址
 187           * @param num 待写入的字节数量
 188           * @note  注意：AT24C02每页仅8字节，跨页写入需小心地址翻转
 189           */
 190          void eeprom_write(unsigned char *str, unsigned char addr, unsigned char num)
 191          {
 192   1        I2CStart();
 193   1        I2CSendByte(0xa0); // 器件写地址
 194   1        I2CWaitAck();
 195   1        I2CSendByte(addr); // 发送起始存储单元地址
 196   1        I2CWaitAck();
 197   1        while(num--)
 198   1        {
 199   2          I2CSendByte(*str++); // 发送当前字节数据
 200   2          I2CWaitAck();
 201   2          I2C_Delay(200); // 这里的内部小延时有助于提高部分国产芯片的稳定性
 202   2        }
 203   1        I2CStop();
 204   1        //*** EEPROM接收到Stop信号后才开始内部固化，通常需要5ms
 205   1        // 这里通过10个255的延时强行锁定CPU，确保下一次读写前固化已完成
 206   1        I2C_Delay(255);
 207   1        I2C_Delay(255);
 208   1        I2C_Delay(255);
 209   1        I2C_Delay(255);
 210   1        I2C_Delay(255);
 211   1        I2C_Delay(255);
 212   1        I2C_Delay(255);
 213   1        I2C_Delay(255);
 214   1        I2C_Delay(255);
 215   1        I2C_Delay(255);
 216   1      }


MODULE INFORMATION:   STATIC OVERLAYABLE
   CODE SIZE        =    403    ----
   CONSTANT SIZE    =   ----    ----
   XDATA SIZE       =   ----    ----
   PDATA SIZE       =   ----    ----
   DATA SIZE        =   ----      10
   IDATA SIZE       =   ----    ----
   BIT SIZE         =   ----    ----
END OF MODULE INFORMATION.


C51 COMPILATION COMPLETE.  0 WARNING(S),  0 ERROR(S)
