C51 COMPILER V9.60.7.0   KEY                                                               03/18/2026 16:52:57 PAGE 1   


C51 COMPILER V9.60.7.0, COMPILATION OF MODULE KEY
OBJECT MODULE PLACED IN .\Objects\key.obj
COMPILER INVOKED BY: C:\AAA\C51\BIN\C51.EXE ..\src\driver\key.c OPTIMIZE(8,SPEED) BROWSE INCDIR(..\src\driver) DEBUG OBJ
                    -ECTEXTEND PRINT(.\Listings\key.lst) TABS(2) OBJECT(.\Objects\key.obj)

line level    source

   1          #include "key.h"
   2          
   3          /** 
   4           * @brief  МќХЬЩЈУшКЏЪ§
   5           * @note   ЪЙгУЖРСЂАДМќЪБзЂЪЭЕєКѓШ§ааАДМќДњТы
   6           * @return АДМќМќТыжЕ(4-19) ЮоАДМќАДЯТЪБЗЕЛи0
   7           */
   8          unsigned char key_read(void) {
   9   1        unsigned char temp = 0;
  10   1      
  11   1        if(P30 == 0) return;
*** WARNING C173 IN LINE 11 OF ..\src\driver\key.c: missing return-expression
  12   1        P44 = 0; P42 = 1; P35 = 1; P34 = 1; // бЁжаЕквЛСа 
  13   1        if(P30 == 0) temp = 7;
  14   1        if(P31 == 0) temp = 6;
  15   1        if(P32 == 0) temp = 5;
  16   1        if(P33 == 0) temp = 4;
  17   1        P44 = 1;P42 = 1;P35 = 1;P34 = 1;
  18   1        
  19   1        if(P30 == 0) return;
*** WARNING C173 IN LINE 19 OF ..\src\driver\key.c: missing return-expression
  20   1        P44 = 1; P42 = 0; P35 = 1; P34 = 1; // бЁжаЕкЖўСа   
  21   1        if(P30 == 0) temp = 11;
  22   1        if(P31 == 0) temp = 10;
  23   1        if(P32 == 0) temp = 9;
  24   1        if(P33 == 0) temp = 8;
  25   1        P44 = 1;P42 = 1;P35 = 1;P34 = 1;
  26   1        
  27   1        if(P30 == 0) return;
*** WARNING C173 IN LINE 27 OF ..\src\driver\key.c: missing return-expression
  28   1        P44 = 1; P42 = 1; P35 = 0; P34 = 1; // бЁжаЕкШ§Са   
  29   1        if(P30 == 0) temp = 15;
  30   1        if(P31 == 0) temp = 14;
  31   1        if(P32 == 0) temp = 13;
  32   1        if(P33 == 0) temp = 12;
  33   1        P44 = 1;P42 = 1;P35 = 1;P34 = 1;
  34   1        
  35   1        if(P30 == 0) return;
*** WARNING C173 IN LINE 35 OF ..\src\driver\key.c: missing return-expression
  36   1        P44 = 1; P42 = 1; P35 = 1; P34 = 0; // бЁжаЕкЫФСа   
  37   1        if(P30 == 0) temp = 19;
  38   1        if(P31 == 0) temp = 18;
  39   1        if(P32 == 0) temp = 17;
  40   1        if(P33 == 0) temp = 16;
  41   1        P44 = 1;P42 = 1;P35 = 1;P34 = 1;
  42   1        
  43   1        P3 |= 0xef; // ЛжИД P3 ПкИпЕчЦНзДЬЌЃЌзМБИЯТвЛДЮЩЈУш
  44   1        
  45   1        return temp;
  46   1      }
*** WARNING C291 IN LINE 46 OF ..\src\driver\key.c: not every exit path returns a value


MODULE INFORMATION:   STATIC OVERLAYABLE
C51 COMPILER V9.60.7.0   KEY                                                               03/18/2026 16:52:57 PAGE 2   

   CODE SIZE        =    165    ----
   CONSTANT SIZE    =   ----    ----
   XDATA SIZE       =   ----    ----
   PDATA SIZE       =   ----    ----
   DATA SIZE        =   ----    ----
   IDATA SIZE       =   ----    ----
   BIT SIZE         =   ----    ----
END OF MODULE INFORMATION.


C51 COMPILATION COMPLETE.  5 WARNING(S),  0 ERROR(S)
