C51 COMPILER V9.60.7.0   MAIN                                                              03/18/2026 21:15:17 PAGE 1   


C51 COMPILER V9.60.7.0, COMPILATION OF MODULE MAIN
OBJECT MODULE PLACED IN .\Objects\main.obj
COMPILER INVOKED BY: C:\AAA\C51\BIN\C51.EXE ..\src\user\main.c OPTIMIZE(8,SPEED) BROWSE INCDIR(..\src\driver) DEBUG OBJE
                    -CTEXTEND PRINT(.\Listings\main.lst) TABS(2) OBJECT(.\Objects\main.obj)

line level    source

   1          #include <STC15F2K60S2.H>
   2          #include <string.h>
   3          #include "sys.h"
   4          #include "seg.h"
   5          #include "key.h"
   6          #include "led.h"
   7          #include "uart.h"
   8          #include "ultra.h"
   9          #include "ds1302.h"
  10          #include "iic.h"
  11          #include "onewire.h"
  12          
  13          // ** 参数定义区 ** //
  14          
  15          /* scheduler */
  16          idata unsigned long int uwTick; // 系统计时
  17          idata unsigned char task_num; // 调度器任务函数数量
  18          
  19          /* key */ 
  20          idata unsigned char key_val, key_down, key_up, key_old; // 按键状态，瞬时状态、下降沿、上升沿、上次状态
  21          
  22          /* seg */
  23          pdata unsigned char seg_buf[8] = {10, 10, 10, 10, 10, 10, 10, 10}; // 数码管状态缓存数组，初始为熄灭
  24          idata unsigned char seg_pos; // 数码管位置索引
  25          idata unsigned char seg_mode; // 数码管显示模式，0-频率
  26          
  27          /* LED */
  28          pdata unsigned char ucled[8] = {0, 0, 0, 0, 0, 0, 0, 0}; // LED状态缓存数组，初始为熄灭
  29          
  30          /* Ultrasonic */
  31          idata unsigned int dist; // 超声波所测距离值(单位: cm)
  32          
  33          /* RTC */
  34          pdata unsigned char ucRTC[3] = {23, 59, 55}; // 时钟数据缓存数组
  35          
  36          /* AD/DA */
  37          idata unsigned int volt_1_x100, volt_2_x100; // 光敏电阻/电位器电压值x100(节省存储空间和简化计算)
  38          
  39          /* Temperature */
  40          idata unsigned int temperature_x100; // 温度值x100(节省存储空间和简化计算)
  41          
  42          /* Freq */
  43          idata unsigned int freq; // 频率值
  44          idata unsigned int timer_1s; // 1s计时
  45          
  46          /* UART */
  47          //*** 注：pdata数据必须初始化值
  48          pdata unsigned char uart_rx_buf[10] = {0}; // 串口数据接收缓冲区
  49          idata unsigned char uart_rx_index; // 串口数据接收索引
  50          idata bit uart_rx_flag; // 串口数据接收完成标志位
  51          idata unsigned char uart_tick; // 串口接收超时计时
  52          
  53          /* other parameters */
  54          
C51 COMPILER V9.60.7.0   MAIN                                                              03/18/2026 21:15:17 PAGE 2   

  55          
  56          
  57          // ** 函数定义区 ** //
  58          
  59          /**
  60           * @brief 按键状态机任务函数
  61           * @note  利用位运算进行边沿检测
  62           */
  63          void key_task(void) {
  64   1        key_val = key_read(); // 获取当前按键状态
  65   1        key_down = key_val & (key_val ^ key_old); // 获取按键下降沿状态
  66   1        key_up = ~key_val & (key_val ^ key_old);  // 获取按键上升沿状态
  67   1        key_old = key_val; // 更新上一次按键状态
  68   1        
  69   1        switch(key_down) {
  70   2          // --- 切换数码管显示模式 --- 
  71   2          case 4:
  72   2            seg_mode = (seg_mode + 1) % 5; 
  73   2            break;
  74   2          
  75   2        }
  76   1      }
  77          
  78          /**
  79           * @brief 数码管显示任务函数
  80           * @note  需要显示小数点时，在值后加上'.'
  81           */
  82          void seg_task(void) {
  83   1        
  84   1        switch(seg_mode) {
  85   2          // --- 模式0，显示频率值 ----
  86   2          case 0:
  87   2            seg_buf[0] = seg_buf[1] = seg_buf[2] = 10; // 熄灭不需要的数码管
  88   2            seg_buf[3] = freq >= 10000 ? freq / 10000 % 10 : 10; // 高位有数值时才显示
  89   2            seg_buf[4] = freq >= 1000 ? freq / 1000 % 10 : 10;
  90   2            seg_buf[5] = freq >= 100 ? freq / 100 % 10 : 10;
  91   2            seg_buf[6] = freq >= 10 ? freq / 10 % 10 : 10; 
  92   2            seg_buf[7] = freq % 10; // 个位始终显示
  93   2            break;
  94   2          // --- 模式1，显示距离值 ----
  95   2          case 1:
  96   2            seg_buf[0] = seg_buf[1] = seg_buf[2] = seg_buf[3] = seg_buf[4] = 10; // 熄灭不需要的数码管
  97   2            seg_buf[5] = dist >= 100 ? dist / 100 % 10 : 10; // 高位有数值时才显示
  98   2            seg_buf[6] = dist >= 10 ? dist / 10 % 10 : 10; 
  99   2            seg_buf[7] = dist % 10; // 个位始终显示
 100   2            break; 
 101   2          // --- 模式2，显示时间 ----
 102   2          case 2:
 103   2            seg_buf[2] = seg_buf[5] = 11; // 显示短横线"-"
 104   2            seg_buf[0] = ucRTC[0] / 10; // 显示时
 105   2            seg_buf[1] = ucRTC[0] % 10;
 106   2            seg_buf[3] = ucRTC[1] / 10; // 显示分
 107   2            seg_buf[4] = ucRTC[1] % 10;
 108   2            seg_buf[6] = ucRTC[2] / 10; // 显示秒
 109   2            seg_buf[7] = ucRTC[2] % 10;
 110   2            break; 
 111   2          // --- 模式3，显示电压值 ----
 112   2          case 3:
 113   2            seg_buf[0] = seg_buf[4] = 10; // 熄灭不需要的数码管
 114   2            // 光敏电阻电压值 
 115   2            seg_buf[1] = volt_1_x100 / 100 % 10 + '.'; 
 116   2            seg_buf[2] = volt_1_x100 / 10 % 10; 
C51 COMPILER V9.60.7.0   MAIN                                                              03/18/2026 21:15:17 PAGE 3   

 117   2            seg_buf[3] = volt_1_x100 % 10; 
 118   2            // 电位器电压值 
 119   2            seg_buf[5] = volt_2_x100 / 100 % 10 + '.'; 
 120   2            seg_buf[6] = volt_2_x100 / 10 % 10; 
 121   2            seg_buf[7] = volt_2_x100 % 10; 
 122   2            break; 
 123   2          // --- 模式4，显示温度值 ----
 124   2          case 4:
 125   2            seg_buf[0] = seg_buf[1] = seg_buf[2] = seg_buf[3] = 10; // 熄灭不需要的数码管
 126   2            // 小数点前部分
 127   2            seg_buf[4] = temperature_x100 >= 1000 ? temperature_x100 / 1000 % 10 : 10;
 128   2            seg_buf[5] = temperature_x100 / 100 % 10 + '.'; // 个位始终显示
 129   2            // 小数点后部分(始终显示）
 130   2            seg_buf[6] = temperature_x100 / 10 % 10; 
 131   2            seg_buf[7] = temperature_x100 % 10; 
 132   2            break; 
 133   2        }
 134   1      }
 135          
 136          /**
 137           * @brief LED任务函数
 138           */
 139          void led_task(void) {
 140   1        led_disp(ucled);  
 141   1      }
 142          
 143          /**
 144           * @brief 串口数据解析任务函数
 145           */
 146          void uart_task(void)
 147          {
 148   1        if(uart_rx_index == 0) return;
 149   1        
 150   1        if(uart_tick >= 10)
 151   1        {
 152   2          uart_rx_flag = 0;
 153   2          uart_tick = 0;
 154   2      
 155   2          //数据解析
 156   2          //...
 157   2      
 158   2          memset(uart_rx_buf, 0, uart_rx_index); 
 159   2          uart_rx_index = 0;
 160   2        }
 161   1      }
 162          
 163          /**
 164           * @brief 串口中断服务函数
 165           */
 166          void uart_server(void) interrupt 4 
 167          {
 168   1        if(RI)
 169   1        {
 170   2          uart_rx_flag = 1;
 171   2          uart_tick = 0;
 172   2          uart_rx_buf[uart_rx_index++] = SBUF;
 173   2          RI = 0;
 174   2          if(uart_rx_index >= 10)
 175   2          {
 176   3            uart_rx_index = 0;
 177   3            memset(uart_rx_buf, 0, 10); 
 178   3          }
C51 COMPILER V9.60.7.0   MAIN                                                              03/18/2026 21:15:17 PAGE 4   

 179   2        }
 180   1      } 
 181          
 182          /**
 183           * @brief 超声波测距任务函数
 184           */
 185          void ultra_task(void) {
 186   1        dist = ultra_dat();
 187   1      }
 188          
 189          /**
 190           * @brief DS1302时钟任务函数
 191           */
 192          void rtc_task(void) {
 193   1        read_rtc(ucRTC);
 194   1      }
 195             
 196          /**
 197           * @brief AD/DA转换任务函数
 198           * @note  由于AD转换读取到的是上一次转换的数值，因此读取两个通道的数值时需要交换通道
 199           */
 200          void ad_da_task(void) {
 201   1        volt_1_x100 = ad_read(0x43) * 100 / 51; // 读取光敏电阻电压值
 202   1        volt_2_x100 = ad_read(0x41) * 100 / 51; // 读取电位器电压值
 203   1      }
 204          
 205          /**
 206           * @brief DS18B20温度转换任务函数
 207           */
 208          void temperature_task(void) {
 209   1        temperature_x100 = read_temperature() * 100;
 210   1      }
 211          
 212          /* Timer 0 - NE555 */
 213          /**
 214           * @brief Timer 0初始化函数
 215           * @note  初始化NE555
 216           */
 217          void timer0_init(void)    
 218          {
 219   1        AUXR &= 0x7F;     //定时器时钟12T模式
 220   1        TMOD &= 0xF0;     //设置定时器模式
 221   1        TMOD |= 0x05;     //设置定时器0为16位不自动重装载计数模式
 222   1        TL0 = 0x00;       //设置定时初始值
 223   1        TH0 = 0x00;       //设置定时初始值
 224   1        TF0 = 0;        //清除TF0标志
 225   1        TR0 = 1;        //定时器0开始计数
 226   1      }
 227          
 228          /* Timer 1 */
 229          /**
 230           * @brief Timer 1初始化函数
 231           */
 232          void timer1_init(void)    //1毫秒@12.000MHz
 233          {
 234   1        AUXR &= 0xBF;     //定时器时钟12T模式
 235   1        TMOD &= 0x0F;     //设置定时器模式
 236   1        TL1 = 0x18;       //设置定时初始值
 237   1        TH1 = 0xFC;       //设置定时初始值
 238   1        TF1 = 0;        //清除TF1标志
 239   1        TR1 = 1;        //定时器1开始计时
 240   1        ET1 = 1;        // 使能定时器1中断
C51 COMPILER V9.60.7.0   MAIN                                                              03/18/2026 21:15:17 PAGE 5   

 241   1        EA = 1;         // 使能全局中断
 242   1      }
 243          
 244          /**
 245           * @brief Timer 1中断服务函数
 246           */
 247          
 248          void timer1_server(void) interrupt 3 {
 249   1        // --- 系统时钟 ---
 250   1        uwTick++;   
 251   1        
 252   1        // --- 数码管 ---
 253   1        seg_pos = (++seg_pos) % 8; // 数码管位置索引在 0-7 之间循环切换
 254   1        if(seg_buf[seg_pos] > 20) seg_disp(seg_pos, seg_buf[seg_pos] - '.', 1); // 显示小数点
 255   1        else seg_disp(seg_pos, seg_buf[seg_pos], 0); // 熄灭小数点
 256   1        
 257   1        // --- LED ---
 258   1        
 259   1        
 260   1        // --- Freq ---
 261   1        // 计时1秒，读取频率值
 262   1        if(++timer_1s >= 1000) {
 263   2          timer_1s = 0; // 重置计时
 264   2          TR0 = 0; // 停止定时器0计数
 265   2          freq = (TH0 << 8) | TL0; // 读取频率值
 266   2          TL0 = TH0 = 0; // 重置计数初值
 267   2          TR0 = 1; // 开启定时器0计数
 268   2        }
 269   1        
 270   1        // --- Uart ---
 271   1        // 串口未接收到数据时，持续计时
 272   1        if(uart_rx_flag)
 273   1          uart_tick++;
 274   1      }
 275          
 276          // *** 调度器 *** //
 277          
 278          /* 调度器任务结构体定义 */
 279          typedef struct {
 280            void (*task_func)(void);  // 任务函数
 281            unsigned long int prd_ms; // 任务执行周期
 282            unsigned long int lst_ms; // 上次任务函数执行的时间
 283          } task_t;
 284          
 285          /* 调度器任务函数列表数组 */
 286          idata task_t scheduler_task[] = {
 287            {key_task, 10, 0},
 288            {seg_task, 200, 0},
 289            {led_task, 1, 0},
 290            {uart_task, 10, 0},
 291            {ultra_task, 100, 0},
 292            {rtc_task, 200, 0},
 293            {ad_da_task, 200, 0},
 294            {temperature_task, 200, 0},
 295          };
 296          
 297          /**
 298           * @brief 调度器初始化函数
 299           * @note  获取调度器任务函数数量
 300           */
 301          void scheduler_init(void) {
 302   1        task_num = sizeof(scheduler_task) / sizeof(task_t);
C51 COMPILER V9.60.7.0   MAIN                                                              03/18/2026 21:15:17 PAGE 6   

 303   1      }
 304          
 305          /**
 306           * @brief 调度器任务调度函数
 307           * @note  时间片轮询调度任务函数
 308           */
 309          void scheduler_run(void) {
 310   1        unsigned char i;
 311   1        
 312   1        for(i = 0; i < task_num; i++) {
 313   2          unsigned long int now_time = uwTick; // 获取当前系统时间
 314   2          if(now_time - scheduler_task[i].lst_ms >= scheduler_task[i].prd_ms) {
 315   3            scheduler_task[i].lst_ms = now_time; // 更新任务函数上次执行时间
 316   3            scheduler_task[i].task_func(); // 执行任务函数
 317   3          }     
 318   2        }   
 319   1      }
 320          
 321          void main(void) {
 322   1        sys_init();
 323   1        write_rtc(ucRTC); // 写入时钟
 324   1        timer0_init();
 325   1        timer1_init();
 326   1        scheduler_init();
 327   1        while(1) {
 328   2          scheduler_run();
 329   2        }
 330   1      }


MODULE INFORMATION:   STATIC OVERLAYABLE
   CODE SIZE        =   1278    ----
   CONSTANT SIZE    =   ----    ----
   XDATA SIZE       =   ----    ----
   PDATA SIZE       =     29    ----
   DATA SIZE        =   ----       5
   IDATA SIZE       =    113    ----
   BIT SIZE         =      1    ----
END OF MODULE INFORMATION.


C51 COMPILATION COMPLETE.  0 WARNING(S),  0 ERROR(S)
