C51 COMPILER V9.60.7.0   KEY                                                               06/04/2025 16:17:54 PAGE 1   


C51 COMPILER V9.60.7.0, COMPILATION OF MODULE KEY
OBJECT MODULE PLACED IN .\Objects\key.obj
COMPILER INVOKED BY: C:\AAA\C51\BIN\C51.EXE ..\src\driver\key.c OPTIMIZE(8,SPEED) BROWSE INCDIR(..\src\driver) DEBUG OBJ
                    -ECTEXTEND PRINT(.\Listings\key.lst) TABS(2) OBJECT(.\Objects\key.obj)

line level    source

   1          #include "key.h"
   2          
   3          unsigned char Key_Read()
   4          {
   5   1        unsigned char temp = 0;
   6   1      
   7   1        if(P30 == 0) return 0;
   8   1        P44 = 0;P42 = 1;P35 = 1;P34 = 1;
   9   1        if(P30 == 0) temp = 7;
  10   1        if(P31 == 0) temp = 6;
  11   1        if(P32 == 0) temp = 5;
  12   1        if(P33 == 0) temp = 4;
  13   1        P44 = 1;P42 = 1;P35 = 1;P34 = 1;
  14   1        
  15   1        if(P30 == 0) return 0; 
  16   1        P44 = 1;P42 = 0;P35 = 1;P34 = 1;
  17   1        if(P30 == 0) temp = 11;
  18   1        if(P31 == 0) temp = 10;
  19   1        if(P32 == 0) temp = 9;
  20   1        if(P33 == 0) temp = 8;
  21   1        P44 = 1;P42 = 1;P35 = 1;P34 = 1;
  22   1      
  23   1        if(P30 == 0) return 0;
  24   1        P44 = 1;P42 = 1;P35 = 0;P34 = 1;
  25   1        if(P30 == 0) temp = 15;
  26   1        if(P31 == 0) temp = 14;
  27   1        if(P32 == 0) temp = 13;
  28   1        if(P33 == 0) temp = 12;
  29   1        P44 = 1;P42 = 1;P35 = 1;P34 = 1;
  30   1      
  31   1        if(P30 == 0) return 0;
  32   1        P44 = 1;P42 = 1;P35 = 1;P34 = 0;
  33   1        if(P30 == 0) temp = 19;
  34   1        if(P31 == 0) temp = 18;
  35   1        if(P32 == 0) temp = 17;
  36   1        if(P33 == 0) temp = 16;
  37   1        P44 = 1;P42 = 1;P35 = 1;P34 = 1;
  38   1      
  39   1        P3 = P3|0xef;
  40   1      
  41   1        return temp;
  42   1      }


MODULE INFORMATION:   STATIC OVERLAYABLE
   CODE SIZE        =    172    ----
   CONSTANT SIZE    =   ----    ----
   XDATA SIZE       =   ----    ----
   PDATA SIZE       =   ----    ----
   DATA SIZE        =   ----    ----
   IDATA SIZE       =   ----    ----
   BIT SIZE         =   ----    ----
END OF MODULE INFORMATION.


C51 COMPILATION COMPLETE.  0 WARNING(S),  0 ERROR(S)
