C51 COMPILER V9.60.7.0   LED                                                               06/05/2025 19:57:33 PAGE 1   


C51 COMPILER V9.60.7.0, COMPILATION OF MODULE LED
OBJECT MODULE PLACED IN .\Objects\led.obj
COMPILER INVOKED BY: C:\AAA\C51\BIN\C51.EXE ..\src\driver\led.c OPTIMIZE(8,SPEED) BROWSE INCDIR(..\src\driver) DEBUG OBJ
                    -ECTEXTEND PRINT(.\Listings\led.lst) TABS(2) OBJECT(.\Objects\led.obj)

line level    source

   1          #include "led.h"
   2          
   3          idata unsigned char temp_1 = 0x00;
   4          idata unsigned char temp_1_old = 0xff;
   5          
   6          /*** ledÉĻÃčšŊĘý ***/
   7          void led_disp(unsigned char *ucled)
   8          {
   9   1        unsigned char temp;
  10   1        
  11   1        temp_1 = 0x00;
  12   1        temp_1 = (ucled[0] << 0) | (ucled[1] << 1) | (ucled[2] << 2) | (ucled[3] << 3) | 
  13   1                 (ucled[4] << 4) | (ucled[5] << 5) | (ucled[6] << 6) | (ucled[7] << 7);
  14   1        
  15   1        if(temp_1_old != temp_1)
  16   1        {
  17   2          P0 = ~temp_1;
  18   2          temp = P2 & 0x1f;
  19   2          temp = temp | 0x80;
  20   2          P2 = temp;
  21   2          temp = P2 & 0x1f;
  22   2          P2 = temp;    
  23   2          temp_1_old = temp_1;
  24   2        }
  25   1      }
  26          
  27          /*** ledČŦÃðšŊĘý ***/
  28          void led_off(void)
  29          {
  30   1        unsigned char temp;
  31   1        
  32   1        P0 = 0xff;
  33   1        temp = P2 & 0x1f;
  34   1        temp = temp | 0x80;
  35   1        P2 = temp;
  36   1        temp = P2 & 0x1f;
  37   1        P2 = temp;
  38   1      
  39   1        temp_1_old = 0x00;  
  40   1      }
  41          
  42          idata unsigned char temp_2 = 0x00;
  43          idata unsigned char temp_2_old = 0xFF;
  44          
  45          /*** žĖĩįÆũĮýķŊšŊĘý ***/
  46          void relay(bit enable)
  47          {
  48   1        unsigned char temp;
  49   1        
  50   1        if(enable)
  51   1        {
  52   2          temp_2 |= 0x10;
  53   2        }
  54   1        else
C51 COMPILER V9.60.7.0   LED                                                               06/05/2025 19:57:33 PAGE 2   

  55   1        {
  56   2          temp_2 &= ~0x10;
  57   2        }
  58   1        
  59   1        if(temp_2_old != temp_2)
  60   1        {
  61   2          P0 = temp_2;
  62   2          temp = P2 & 0x1f;
  63   2          temp = temp | 0xa0;
  64   2          P2 = temp;
  65   2          temp = P2 & 0x1f;
  66   2          P2 = temp;    
  67   2          temp_2_old = temp_2;
  68   2        }
  69   1      }
  70          
  71          /*** ĩįŧúĮýķŊšŊĘý ***/
  72          void motor(bit enable)
  73          {
  74   1        unsigned char temp;
  75   1        
  76   1        if(enable)
  77   1        {
  78   2          temp_2 |= 0x20;
  79   2        }
  80   1        else
  81   1        {
  82   2          temp_2 &= ~0x20;
  83   2        }
  84   1        
  85   1        if(temp_2_old != temp_2)
  86   1        {
  87   2          P0 = temp_2;
  88   2          temp = P2 & 0x1f;
  89   2          temp = temp | 0xa0;
  90   2          P2 = temp;
  91   2          temp = P2 & 0x1f;
  92   2          P2 = temp;    
  93   2          temp_2_old = temp_2;
  94   2        }
  95   1      }
  96          
  97          /*** ·äÃųÆũĮýķŊšŊĘý ***/
  98          void beep(bit enable)
  99          {
 100   1        unsigned char temp;
 101   1        
 102   1        if(enable)
 103   1        {
 104   2          temp_2 |= 0x40;
 105   2        }
 106   1        else
 107   1        {
 108   2          temp_2 &= ~0x40;
 109   2        }
 110   1        
 111   1        if(temp_2_old != temp_2)
 112   1        {
 113   2          P0 = temp_2;
 114   2          temp = P2 & 0x1f;
 115   2          temp = temp | 0xa0;
 116   2          P2 = temp;
C51 COMPILER V9.60.7.0   LED                                                               06/05/2025 19:57:33 PAGE 3   

 117   2          temp = P2 & 0x1f;
 118   2          P2 = temp;    
 119   2          temp_2_old = temp_2;
 120   2        }
 121   1      }


MODULE INFORMATION:   STATIC OVERLAYABLE
   CODE SIZE        =    293    ----
   CONSTANT SIZE    =   ----    ----
   XDATA SIZE       =   ----    ----
   PDATA SIZE       =   ----    ----
   DATA SIZE        =   ----    ----
   IDATA SIZE       =      4    ----
   BIT SIZE         =   ----       3
END OF MODULE INFORMATION.


C51 COMPILATION COMPLETE.  0 WARNING(S),  0 ERROR(S)
