C51 COMPILER V9.60.7.0   SYSTEM                                                            05/21/2025 19:39:41 PAGE 1   


C51 COMPILER V9.60.7.0, COMPILATION OF MODULE SYSTEM
OBJECT MODULE PLACED IN .\Objects\system.obj
COMPILER INVOKED BY: C:\AAA\C51\BIN\C51.EXE ..\src\driver\system.c OPTIMIZE(8,SPEED) BROWSE INCDIR(..\src\driver) DEBUG 
                    -OBJECTEXTEND PRINT(.\Listings\system.lst) TABS(2) OBJECT(.\Objects\system.obj)

line level    source

   1          #include "system.h"
   2          
   3          void sys_init(void)
   4          { 
   5   1        unsigned char temp;
   6   1        
   7   1        P0 = 0xff;
   8   1        temp = P2 & 0x1f;
   9   1        temp = temp | 0xe0;
  10   1        P2 = temp;
  11   1        temp = P2 & 0x1f;
  12   1        P2 = temp;  
  13   1        
  14   1        P0 = 0x00;
  15   1        temp = P2 & 0x1f;
  16   1        temp = temp | 0xa0;
  17   1        P2 = temp;
  18   1        temp = P2 & 0x1f;
  19   1        P2 = temp;    
  20   1      }


MODULE INFORMATION:   STATIC OVERLAYABLE
   CODE SIZE        =     39    ----
   CONSTANT SIZE    =   ----    ----
   XDATA SIZE       =   ----    ----
   PDATA SIZE       =   ----    ----
   DATA SIZE        =   ----    ----
   IDATA SIZE       =   ----    ----
   BIT SIZE         =   ----    ----
END OF MODULE INFORMATION.


C51 COMPILATION COMPLETE.  0 WARNING(S),  0 ERROR(S)
