C51 COMPILER V9.60.7.0   UART                                                              05/21/2025 16:59:02 PAGE 1   


C51 COMPILER V9.60.7.0, COMPILATION OF MODULE UART
OBJECT MODULE PLACED IN .\Objects\uart.obj
COMPILER INVOKED BY: C:\AAA\C51\BIN\C51.EXE ..\src\driver\uart.c OPTIMIZE(8,SPEED) BROWSE INCDIR(..\src\driver) DEBUG OB
                    -JECTEXTEND PRINT(.\Listings\uart.lst) TABS(2) OBJECT(.\Objects\uart.obj)

line level    source

   1          #include "uart.h"
   2          #include <stdio.h>
   3          
   4          void Uart1_Init(void) //9600bps@12.000MHz
   5          {
   6   1        SCON = 0x50;    //8位数据,可变波特率
   7   1        AUXR |= 0x01;   //串口1选择定时器2为波特率发生器
   8   1        AUXR &= 0xFB;   //定时器时钟12T模式
   9   1        T2L = 0xE6;     //设置定时初始值
  10   1        T2H = 0xFF;     //设置定时初始值
  11   1        AUXR |= 0x10;   //定时器2开始计时
  12   1        ES = 1;
  13   1        EA = 1;
  14   1      }
  15          
  16          extern char putchar(char ch)
  17          {
  18   1        SBUF = ch;
  19   1        while(TI == 0);
  20   1        TI = 0;
  21   1        return ch;
  22   1      }


MODULE INFORMATION:   STATIC OVERLAYABLE
   CODE SIZE        =     31    ----
   CONSTANT SIZE    =   ----    ----
   XDATA SIZE       =   ----    ----
   PDATA SIZE       =   ----    ----
   DATA SIZE        =   ----    ----
   IDATA SIZE       =   ----    ----
   BIT SIZE         =   ----    ----
END OF MODULE INFORMATION.


C51 COMPILATION COMPLETE.  0 WARNING(S),  0 ERROR(S)
