C51 COMPILER V9.60.7.0   ULTRASONIC                                                        05/21/2025 16:59:02 PAGE 1   


C51 COMPILER V9.60.7.0, COMPILATION OF MODULE ULTRASONIC
OBJECT MODULE PLACED IN .\Objects\ultrasonic.obj
COMPILER INVOKED BY: C:\AAA\C51\BIN\C51.EXE ..\src\driver\ultrasonic.c OPTIMIZE(8,SPEED) BROWSE INCDIR(..\src\driver) DE
                    -BUG OBJECTEXTEND PRINT(.\Listings\ultrasonic.lst) TABS(2) OBJECT(.\Objects\ultrasonic.obj)

line level    source

   1          #include "ultrasonic.h"
   2          #include "intrins.h"
   3          
   4          sbit TX = P1^0;
   5          sbit RX = P1^1;
   6          
   7          void Delay12us(void)  //@12.000MHz
   8          {
   9   1        unsigned char data i;
  10   1      
  11   1        _nop_();
  12   1        i = 3;
  13   1        while (--i);
  14   1      }
  15          
  16          void ultrasonic_init(void)
  17          {
  18   1        unsigned char i;
  19   1        
  20   1        EA = 0;
  21   1        for(i = 0; i < 8; i++)
  22   1        {
  23   2          TX = 1;
  24   2          Delay12us();
  25   2          TX = 0;
  26   2          Delay12us();
  27   2        }
  28   1        EA = 1;
  29   1      }
  30          
  31          unsigned char ultrasonic_dat(void)
  32          {
  33   1        unsigned int time;
  34   1        CMOD = 0x00;
  35   1        CL = CH = 0;
  36   1        ultrasonic_init();
  37   1        CR = 1;
  38   1        while((RX == 1) && (CF == 0)); //өИҙэҪУКЬөҪ·ө»ШРЕәЕ»тХЯ¶ЁКұЖчТзіц
  39   1        CR = 0;
  40   1        //ҪУКЬөҪ·ө»ШРЕәЕ
  41   1        if(CF == 0)
  42   1        {
  43   2          time = (CH << 8) | CL;
  44   2          return (time * 0.017);
  45   2        }
  46   1        //¶ЁКұЖчТзіц
  47   1        else
  48   1        {
  49   2          CF = 0;
  50   2          return 0;
  51   2        }
  52   1      }


C51 COMPILER V9.60.7.0   ULTRASONIC                                                        05/21/2025 16:59:02 PAGE 2   

MODULE INFORMATION:   STATIC OVERLAYABLE
   CODE SIZE        =     83    ----
   CONSTANT SIZE    =   ----    ----
   XDATA SIZE       =   ----    ----
   PDATA SIZE       =   ----    ----
   DATA SIZE        =   ----    ----
   IDATA SIZE       =   ----    ----
   BIT SIZE         =   ----    ----
END OF MODULE INFORMATION.


C51 COMPILATION COMPLETE.  0 WARNING(S),  0 ERROR(S)
