C51 COMPILER V9.60.7.0   ONEWIRE                                                           03/20/2026 16:24:55 PAGE 1   


C51 COMPILER V9.60.7.0, COMPILATION OF MODULE ONEWIRE
OBJECT MODULE PLACED IN .\Objects\onewire.obj
COMPILER INVOKED BY: C:\AAA\C51\BIN\C51.EXE ..\src\driver\onewire.c OPTIMIZE(8,SPEED) BROWSE INCDIR(..\src\driver) DEBUG
                    - OBJECTEXTEND PRINT(.\Listings\onewire.lst) TABS(2) OBJECT(.\Objects\onewire.obj)

line level    source

   1          /*  #   单总线代码片段说明
   2            1.  本文件夹中提供的驱动代码供参赛选手完成程序设计参考。
   3            2.  参赛选手可以自行编写相关代码或以该代码为基础，根据所选单片机类型、运行速度和试题
   4              中对单片机时钟频率的要求，进行代码调试和修改。
   5          */
   6          
   7          #include "onewire.h"
   8          
   9          sbit DQ = P1^4;
  10          
  11          //
  12          void Delay_OneWire(unsigned int t)  
  13          {
  14   1        unsigned char i;
  15   1        while(t--){
  16   2          for(i=0;i<12;i++);
  17   2        }
  18   1      }
  19          
  20          //
  21          void Write_DS18B20(unsigned char dat)
  22          {
  23   1        unsigned char i;
  24   1        for(i=0;i<8;i++)
  25   1        {
  26   2          DQ = 0;
  27   2          DQ = dat&0x01;
  28   2          Delay_OneWire(5);
  29   2          DQ = 1;
  30   2          dat >>= 1;
  31   2        }
  32   1        Delay_OneWire(5);
  33   1      }
  34          
  35          //
  36          unsigned char Read_DS18B20(void)
  37          {
  38   1        unsigned char i;
  39   1        unsigned char dat;
  40   1        
  41   1        for(i=0;i<8;i++)
  42   1        {
  43   2          DQ = 0;
  44   2          dat >>= 1;
  45   2          DQ = 1;
  46   2          if(DQ)
  47   2          {
  48   3            dat |= 0x80;
  49   3          }     
  50   2          Delay_OneWire(5);
  51   2        }
  52   1        return dat;
  53   1      }
  54          
C51 COMPILER V9.60.7.0   ONEWIRE                                                           03/20/2026 16:24:55 PAGE 2   

  55          //
  56          bit init_ds18b20(void)
  57          {
  58   1          bit initflag = 0;
  59   1          
  60   1          DQ = 1;
  61   1          Delay_OneWire(12);
  62   1          DQ = 0;
  63   1          Delay_OneWire(80);
  64   1          DQ = 1;
  65   1          Delay_OneWire(10); 
  66   1          initflag = DQ;     
  67   1          Delay_OneWire(5);
  68   1        
  69   1          return initflag;
  70   1      }
  71          
  72          /**
  73           * @brief  DS18B20温度值读取函数
  74           * @return 转换后的实际温度
  75           * @note   DS18B20 默认12位分辨率，步进为0.0625°C
  76           */
  77          float read_temperature(void) {
  78   1          unsigned char low, high; // 存储温度低 8 位和高 8 位
  79   1      
  80   1          // --- 启动温度转换 ---
  81   1          init_ds18b20(); // 初始化DS18B20
  82   1          Write_DS18B20(0xcc); // 发送 Skip ROM 命令 (0xCC)，跳过 64 位序列号匹配（单总线仅一个设备时使用）
  83   1          Write_DS18B20(0x44); // 发送 Convert T 命令 (0x44)，启动温度转换
  84   1      
  85   1          
  86   1          Delay_OneWire(200); // 等待转换完成 
  87   1      
  88   1          // --- 读取暂存寄存器 ---
  89   1          init_ds18b20(); // 读取前必须再次初始化总线，否则无法通信
  90   1          Write_DS18B20(0xcc); // 再次跳过 ROM 匹配
  91   1          Write_DS18B20(0xbe); // 发送 Read Scratchpad 命令 (0xBE)，准备读取 9 字节数据
  92   1      
  93   1          low = Read_DS18B20(); // 读取温度 LSB (低 8 位)
  94   1          high = Read_DS18B20(); // 读取温度 MSB (高 8 位)
  95   1      
  96   1          return ((high << 8) | low) * 0.0625; // 返回读取的温度值
  97   1      }


MODULE INFORMATION:   STATIC OVERLAYABLE
   CODE SIZE        =    180    ----
   CONSTANT SIZE    =   ----    ----
   XDATA SIZE       =   ----    ----
   PDATA SIZE       =   ----    ----
   DATA SIZE        =   ----    ----
   IDATA SIZE       =   ----    ----
   BIT SIZE         =   ----       1
END OF MODULE INFORMATION.


C51 COMPILATION COMPLETE.  0 WARNING(S),  0 ERROR(S)
