C51 COMPILER V9.54   I2C                                                                   03/23/2025 13:57:38 PAGE 1   


C51 COMPILER V9.54, COMPILATION OF MODULE I2C
OBJECT MODULE PLACED IN .\Objects\I2C.obj
COMPILER INVOKED BY: C:\AAA\C51\BIN\C51.EXE ..\Driver\I2C.c OPTIMIZE(8,SPEED) BROWSE INCDIR(..\Driver) DEBUG OBJECTEXTEN
                    -D PRINT(.\Listings\I2C.lst) TABS(2) OBJECT(.\Objects\I2C.obj)

line level    source

   1          #include <I2C.h>
   2          #include <intrins.h>
   3          
   4          #define DELAY_TIME  10
   5          
   6          sbit SCL = P2^0;
   7          sbit SDA = P2^1;
   8          
   9          static void I2C_Delay(unsigned char n)
  10          {
  11   1          do
  12   1          {
  13   2              _nop_();_nop_();_nop_();_nop_();_nop_();
  14   2              _nop_();_nop_();_nop_();_nop_();_nop_();
  15   2              _nop_();_nop_();_nop_();_nop_();_nop_();    
  16   2          }
  17   1          while(n--);       
  18   1      }
  19          
  20          void I2C_Start()
  21          {
  22   1          SDA = 1;
  23   1          SCL = 1;
  24   1        I2C_Delay(DELAY_TIME);
  25   1          SDA = 0;
  26   1        I2C_Delay(DELAY_TIME);
  27   1          SCL = 0;    
  28   1      }
  29          
  30          void I2C_Stop()
  31          {
  32   1          SDA = 0;
  33   1          SCL = 1;
  34   1        I2C_Delay(DELAY_TIME);
  35   1          SDA = 1;
  36   1        I2C_Delay(DELAY_TIME);
  37   1      }
  38          
  39          void I2C_SendByte(unsigned char byt)
  40          {
  41   1          unsigned char i;
  42   1        
  43   1          for(i=0; i<8; i++){
  44   2              SCL = 0;
  45   2          I2C_Delay(DELAY_TIME);
  46   2              if(byt & 0x80){
  47   3                  SDA = 1;
  48   3              }
  49   2              else{
  50   3                  SDA = 0;
  51   3              }
  52   2          I2C_Delay(DELAY_TIME);
  53   2              SCL = 1;
  54   2              byt <<= 1;
C51 COMPILER V9.54   I2C                                                                   03/23/2025 13:57:38 PAGE 2   

  55   2          I2C_Delay(DELAY_TIME);
  56   2          }
  57   1        
  58   1          SCL = 0;  
  59   1      }
  60          
  61          unsigned char I2C_RecByte()
  62          {
  63   1        unsigned char da;
  64   1        unsigned char i;
  65   1        for(i=0;i<8;i++){   
  66   2          SCL = 1;
  67   2          I2C_Delay(DELAY_TIME);
  68   2          da <<= 1;
  69   2          if(SDA) 
  70   2            da |= 0x01;
  71   2          SCL = 0;
  72   2          I2C_Delay(DELAY_TIME);
  73   2        }
  74   1        return da;    
  75   1      }
  76          
  77          unsigned char I2C_WaitAck()
  78          {
  79   1        unsigned char ackbit;
  80   1        
  81   1          SCL = 1;
  82   1        I2C_Delay(DELAY_TIME);
  83   1          ackbit = SDA; 
  84   1          SCL = 0;
  85   1        I2C_Delay(DELAY_TIME);
  86   1        
  87   1        return ackbit;
  88   1      }
  89          
  90          void I2C_SendAck(unsigned char ackbit)
  91          {
  92   1          SCL = 0;
  93   1          SDA = ackbit; 
  94   1        I2C_Delay(DELAY_TIME);
  95   1          SCL = 1;
  96   1        I2C_Delay(DELAY_TIME);
  97   1          SCL = 0; 
  98   1        SDA = 1;
  99   1        I2C_Delay(DELAY_TIME);
 100   1      }
 101          
 102          unsigned char AD_Read(unsigned char addr)
 103          {
 104   1        unsigned char temp;
 105   1        
 106   1        I2C_Start();
 107   1        I2C_SendByte(0x90);
 108   1        I2C_WaitAck();
 109   1        I2C_SendByte(addr);
 110   1        I2C_WaitAck();
 111   1        I2C_Start();
 112   1        I2C_SendByte(0x91);
 113   1        I2C_WaitAck();
 114   1        temp = I2C_RecByte();
 115   1        I2C_SendAck(1);
 116   1        I2C_Stop();
C51 COMPILER V9.54   I2C                                                                   03/23/2025 13:57:38 PAGE 3   

 117   1        
 118   1        return temp;
 119   1      }
 120          
 121          void DA_Write(unsigned char addr)
 122          {
 123   1        I2C_Start();
 124   1        I2C_SendByte(0x90);
 125   1        I2C_WaitAck();
 126   1        I2C_SendByte(0x41);
 127   1        I2C_WaitAck();
 128   1        I2C_SendByte(addr);
 129   1        I2C_WaitAck();
 130   1        I2C_Stop();
 131   1      }


MODULE INFORMATION:   STATIC OVERLAYABLE
   CODE SIZE        =    237    ----
   CONSTANT SIZE    =   ----    ----
   XDATA SIZE       =   ----    ----
   PDATA SIZE       =   ----    ----
   DATA SIZE        =   ----    ----
   IDATA SIZE       =   ----    ----
   BIT SIZE         =   ----    ----
END OF MODULE INFORMATION.


C51 COMPILATION COMPLETE.  0 WARNING(S),  0 ERROR(S)
