C51 COMPILER V9.54   ONEWIRE                                                               03/23/2025 14:50:01 PAGE 1   


C51 COMPILER V9.54, COMPILATION OF MODULE ONEWIRE
OBJECT MODULE PLACED IN .\Objects\OneWire.obj
COMPILER INVOKED BY: C:\AAA\C51\BIN\C51.EXE ..\Driver\OneWire.c OPTIMIZE(8,SPEED) BROWSE INCDIR(..\Driver) DEBUG OBJECTE
                    -XTEND PRINT(.\Listings\OneWire.lst) TABS(2) OBJECT(.\Objects\OneWire.obj)

line level    source

   1          #include <OneWire.h>
   2          
   3          sbit DQ = P1^4;
   4          
   5          void Delay_OneWire(unsigned int t)  
   6          {
   7   1        unsigned char i;
   8   1        while(t--){
   9   2          for(i=0;i<12;i++);
  10   2        }
  11   1      }
  12          
  13          void Write_DS18B20(unsigned char dat)
  14          {
  15   1        unsigned char i;
  16   1        for(i=0;i<8;i++)
  17   1        {
  18   2          DQ = 0;
  19   2          DQ = dat&0x01;
  20   2          Delay_OneWire(5);
  21   2          DQ = 1;
  22   2          dat >>= 1;
  23   2        }
  24   1        Delay_OneWire(5);
  25   1      }
  26          
  27          unsigned char Read_DS18B20()
  28          {
  29   1        unsigned char i;
  30   1        unsigned char dat;
  31   1        
  32   1        for(i=0;i<8;i++)
  33   1        {
  34   2          DQ = 0;
  35   2          dat >>= 1;
  36   2          DQ = 1;
  37   2          if(DQ)
  38   2          {
  39   3            dat |= 0x80;
  40   3          }     
  41   2          Delay_OneWire(5);
  42   2        }
  43   1        return dat;
  44   1      }
  45          
  46          bit Init_DS18B20()
  47          {
  48   1          bit Initflag = 0;
  49   1          
  50   1          DQ = 1;
  51   1          Delay_OneWire(12);
  52   1          DQ = 0;
  53   1          Delay_OneWire(80);
  54   1          DQ = 1;
C51 COMPILER V9.54   ONEWIRE                                                               03/23/2025 14:50:01 PAGE 2   

  55   1          Delay_OneWire(10); 
  56   1          Initflag = DQ;     
  57   1          Delay_OneWire(5);
  58   1        
  59   1          return Initflag;
  60   1      }
  61          
  62          void Convert_T()
  63          {
  64   1        Init_DS18B20();
  65   1        Write_DS18B20(0xcc);
  66   1        Write_DS18B20(0x44);
  67   1      }
  68          
  69          float Read_T()
  70          {
  71   1        unsigned char Low, High;
  72   1        
  73   1        Init_DS18B20();
  74   1        Write_DS18B20(0xcc);
  75   1        Write_DS18B20(0xbe);
  76   1        
  77   1        Low = Read_DS18B20();
  78   1        High = Read_DS18B20();
  79   1        
  80   1        return ((High << 8) | Low) / 16.0;
  81   1      }


MODULE INFORMATION:   STATIC OVERLAYABLE
   CODE SIZE        =    174    ----
   CONSTANT SIZE    =   ----    ----
   XDATA SIZE       =   ----    ----
   PDATA SIZE       =   ----    ----
   DATA SIZE        =   ----    ----
   IDATA SIZE       =   ----    ----
   BIT SIZE         =   ----       1
END OF MODULE INFORMATION.


C51 COMPILATION COMPLETE.  0 WARNING(S),  0 ERROR(S)
