C51 COMPILER V9.54   SEG                                                                   03/23/2025 13:57:40 PAGE 1   


C51 COMPILER V9.54, COMPILATION OF MODULE SEG
OBJECT MODULE PLACED IN .\Objects\Seg.obj
COMPILER INVOKED BY: C:\AAA\C51\BIN\C51.EXE ..\Driver\Seg.c OPTIMIZE(8,SPEED) BROWSE INCDIR(..\Driver) DEBUG OBJECTEXTEN
                    -D PRINT(.\Listings\Seg.lst) TABS(2) OBJECT(.\Objects\Seg.obj)

line level    source

   1          #include <Seg.h>
   2          
   3          unsigned char Seg_wela[8] = {0x01,0x02,0x04,0x08,0x10,0x20,0x40,0x80};
   4          unsigned char Seg_dula[] = {0xc0,0xf9,0xa4,0xb0,0x99,0x92,0x82,0xf8,0x80,0x90,0xff,0xbf,0xc6,0x89,0x8e,0x8
             -c,0x86,0x88};
   5            
   6          void Seg_Disp(unsigned char wela, dula, point)
   7          {
   8   1        P0 = 0xff;
   9   1        P2 = P2 & 0x1f | 0xe0;
  10   1        P2 &= 0x1f;
  11   1        
  12   1        P0 = Seg_wela[wela];
  13   1        P2 = P2 & 0x1f | 0xc0;
  14   1        P2 &= 0x1f;
  15   1        
  16   1        P0 = Seg_dula[dula];
  17   1        if(point)
  18   1          P0 &= 0x7f;
  19   1        P2 = P2 & 0x1f | 0xe0;
  20   1        P2 &= 0x1f;
  21   1      }


MODULE INFORMATION:   STATIC OVERLAYABLE
   CODE SIZE        =     58    ----
   CONSTANT SIZE    =   ----    ----
   XDATA SIZE       =   ----    ----
   PDATA SIZE       =   ----    ----
   DATA SIZE        =     26    ----
   IDATA SIZE       =   ----    ----
   BIT SIZE         =   ----    ----
END OF MODULE INFORMATION.


C51 COMPILATION COMPLETE.  0 WARNING(S),  0 ERROR(S)
