C51 COMPILER V9.54   UART                                                                  03/23/2025 16:58:20 PAGE 1   


C51 COMPILER V9.54, COMPILATION OF MODULE UART
OBJECT MODULE PLACED IN .\Objects\Uart.obj
COMPILER INVOKED BY: C:\AAA\C51\BIN\C51.EXE ..\Driver\Uart.c OPTIMIZE(8,SPEED) BROWSE INCDIR(..\Driver) DEBUG OBJECTEXTE
                    -ND PRINT(.\Listings\Uart.lst) TABS(2) OBJECT(.\Objects\Uart.obj)

line level    source

   1          #include <Uart.h>
   2          #include <stdio.h>
   3          
   4          
   5          bit Uart_Busy;
   6          
   7          void Uart_Init()  //9600bps@12.000MHz
   8          {
   9   1        SCON = 0x50;    
  10   1        AUXR |= 0x01;   
  11   1        AUXR |= 0x04;   
  12   1        T2L = 0xC7;     
  13   1        T2H = 0xFE;     
  14   1        AUXR |= 0x10;   
  15   1        ES = 1;
  16   1        EA = 1;
  17   1      }
  18          
  19          //void Uart_SendByte(unsigned char dat)
  20          //{
  21          //  SBUF = dat;
  22          //  while(TI == 0);
  23          //  TI = 0;
  24          //}
  25          
  26          //void Uart_SendString(unsigned char *dat)
  27          //{
  28          //  while(*dat != '\0')
  29          //    Uart_SendByte(*dat++);
  30          //}
  31          
  32          extern char putchar(char dat)
  33          {
  34   1        while(Uart_Busy);
  35   1        Uart_Busy = 1;
  36   1        SBUF = dat;
  37   1        return dat;
  38   1      }
  39          
  40          void UART_Interrupt() interrupt 4 
  41          {
  42   1        if(TI) 
  43   1         {
  44   2           TI = 0; // 清除发送标志
  45   2           Uart_Busy = 0; // 标记发送完成
  46   2         }
  47   1      }


MODULE INFORMATION:   STATIC OVERLAYABLE
   CODE SIZE        =     39    ----
   CONSTANT SIZE    =   ----    ----
   XDATA SIZE       =   ----    ----
   PDATA SIZE       =   ----    ----
C51 COMPILER V9.54   UART                                                                  03/23/2025 16:58:20 PAGE 2   

   DATA SIZE        =   ----    ----
   IDATA SIZE       =   ----    ----
   BIT SIZE         =      1    ----
END OF MODULE INFORMATION.


C51 COMPILATION COMPLETE.  0 WARNING(S),  0 ERROR(S)
